<?xml version="1.0" encoding="UTF-8"?>
<!-- Generated by org.testng.reporters.JUnitReportReporter -->
<testsuite hostname="lap_aalshi" failures="0" tests="1" name="com.TestForAccountVouches.BankPaymentMultiLineTest" time="6.263" errors="0" timestamp="2024-02-13T15:46:16 IST" skipped="0">
  <testcase classname="com.TestForAccountVouches.BankPaymentMultiLineTest" name="VerifyBankPaymentMultiLineForm" time="6.263"/>
  <system-out/>
</testsuite> <!-- com.TestForAccountVouches.BankPaymentMultiLineTest -->
