<?xml version="1.0" encoding="UTF-8"?>
<!-- Generated by org.testng.reporters.JUnitReportReporter -->
<testsuite hostname="lap_aalshi" failures="0" tests="1" name="com.TestForSystemConfiguration.TagMasterTest" time="2.456" errors="0" timestamp="2024-02-14T17:43:16 IST" skipped="0">
  <testcase classname="com.TestForSystemConfiguration.TagMasterTest" name="VerifySeriesConfigurationTest" time="2.456"/>
  <system-out/>
</testsuite> <!-- com.TestForSystemConfiguration.TagMasterTest -->
