<?xml version="1.0" encoding="UTF-8"?>
<!-- Generated by org.testng.reporters.JUnitReportReporter -->
<testsuite hostname="lap_aalshi" failures="0" tests="1" name="com.TestForAccountVouches.AccountReceivableMultiListTest" time="5.585" errors="0" timestamp="2024-02-14T14:34:01 IST" skipped="0">
  <testcase classname="com.TestForAccountVouches.AccountReceivableMultiListTest" name="VerifyAccountReceivableMultiListTest" time="5.585"/>
  <system-out/>
</testsuite> <!-- com.TestForAccountVouches.AccountReceivableMultiListTest -->
