<?xml version="1.0" encoding="UTF-8"?>
<!-- Generated by org.testng.reporters.JUnitReportReporter -->
<testsuite hostname="lap_aalshi" failures="0" tests="1" name="com.TestForAccountVouches.ChequeBounceTest" time="3.765" errors="0" timestamp="2024-02-13T11:05:48 IST" skipped="0">
  <testcase classname="com.TestForAccountVouches.ChequeBounceTest" name="VerifyChequeBounceTest" time="3.765"/>
  <system-out/>
</testsuite> <!-- com.TestForAccountVouches.ChequeBounceTest -->
