<?xml version="1.0" encoding="UTF-8"?>
<!-- Generated by org.testng.reporters.JUnitReportReporter -->
<testsuite hostname="lap_aalshi" failures="0" tests="1" name="com.TestForAccountVouches.PdcEntryTest" time="4.857" errors="0" timestamp="2024-02-13T12:37:10 IST" skipped="0">
  <testcase classname="com.TestForAccountVouches.PdcEntryTest" name="VerifyPdcEntryTestForm" time="4.857"/>
  <system-out/>
</testsuite> <!-- com.TestForAccountVouches.PdcEntryTest -->
