<?xml version="1.0" encoding="UTF-8"?>
<!-- Generated by org.testng.reporters.JUnitReportReporter -->
<testsuite hostname="lap_aalshi" failures="0" tests="1" name="com.TestForAccountVouches.GRNPostingTest" time="5.455" errors="0" timestamp="2024-02-13T18:13:30 IST" skipped="0">
  <testcase classname="com.TestForAccountVouches.GRNPostingTest" name="VerifyGRNPostingTest" time="5.455"/>
  <system-out/>
</testsuite> <!-- com.TestForAccountVouches.GRNPostingTest -->
