<?xml version="1.0" encoding="UTF-8"?>
<!-- Generated by org.testng.reporters.JUnitReportReporter -->
<testsuite hostname="lap_aalshi" failures="0" tests="1" name="com.TestForAccountVouches.AccountPayableMultilineTest" time="7.949" errors="0" timestamp="2024-02-14T14:19:42 IST" skipped="0">
  <testcase classname="com.TestForAccountVouches.AccountPayableMultilineTest" name="VerifyAccountPayableMultiline" time="7.949"/>
  <system-out/>
</testsuite> <!-- com.TestForAccountVouches.AccountPayableMultilineTest -->
